<?xml version="1.0" encoding="UTF-8"?>
<!-- Generated by org.testng.reporters.JUnitReportReporter -->
<testsuite skipped="0" hostname="LAPTOP-INV4FEQ8" name="com.ap.qa.testcases.CreateAccountPageTest" tests="1" failures="0" timestamp="2022-11-03T21:50:50 EDT" time="10.509" errors="0">
  <testcase name="createNewAccountPageTest" time="10.509" classname="com.ap.qa.testcases.CreateAccountPageTest"/>
  <system-out/>
</testsuite> <!-- com.ap.qa.testcases.CreateAccountPageTest -->
