<?xml version="1.0" encoding="UTF-8"?>
<!-- Generated by org.testng.reporters.JUnitReportReporter -->
<testsuite skipped="0" hostname="LAPTOP-INV4FEQ8" name="com.ap.qa.testcases.AddToCartPageTest" tests="1" failures="0" timestamp="2022-11-03T22:10:58 EDT" time="20.092" errors="0">
  <testcase name="addToCartPageTest" time="20.092" classname="com.ap.qa.testcases.AddToCartPageTest"/>
  <system-out/>
</testsuite> <!-- com.ap.qa.testcases.AddToCartPageTest -->
