<?xml version="1.0" encoding="UTF-8"?>
<!-- Generated by org.testng.reporters.JUnitReportReporter -->
<testsuite skipped="0" hostname="LAPTOP-INV4FEQ8" name="com.ap.qa.testcases.SearchResultPageTest" tests="1" failures="0" timestamp="2022-11-03T21:58:13 EDT" time="8.689" errors="0">
  <testcase name="isProductAvailableSearchTest" time="8.689" classname="com.ap.qa.testcases.SearchResultPageTest"/>
  <system-out/>
</testsuite> <!-- com.ap.qa.testcases.SearchResultPageTest -->
