<?xml version="1.0" encoding="UTF-8"?>
<!-- Generated by org.testng.reporters.JUnitReportReporter -->
<testsuite skipped="0" hostname="LAPTOP-INV4FEQ8" name="com.ap.qa.testcases.HomePageTest" tests="1" failures="0" timestamp="2022-11-03T21:43:12 EDT" time="17.007" errors="0">
  <testcase name="wishlistButtonValidateTest" time="17.007" classname="com.ap.qa.testcases.HomePageTest"/>
  <system-out/>
</testsuite> <!-- com.ap.qa.testcases.HomePageTest -->
