<?xml version="1.0" encoding="UTF-8"?>
<!-- Generated by org.testng.reporters.JUnitReportReporter -->
<testsuite skipped="0" hostname="LAPTOP-INV4FEQ8" name="com.ap.qa.testcases.OrderPageTest" tests="1" failures="0" timestamp="2022-11-03T22:20:31 EDT" time="17.722" errors="0">
  <testcase name="orderPageTest" time="17.722" classname="com.ap.qa.testcases.OrderPageTest"/>
  <system-out/>
</testsuite> <!-- com.ap.qa.testcases.OrderPageTest -->
