<?xml version="1.0" encoding="UTF-8"?>
<!-- Generated by org.testng.reporters.JUnitReportReporter -->
<testsuite skipped="0" hostname="LAPTOP-INV4FEQ8" name="com.ap.qa.testcases.LoginPageTest" tests="1" failures="0" timestamp="2022-11-03T21:38:30 EDT" time="10.144" errors="0">
  <testcase name="loginTest" time="10.144" classname="com.ap.qa.testcases.LoginPageTest"/>
  <system-out/>
</testsuite> <!-- com.ap.qa.testcases.LoginPageTest -->
