<?xml version="1.0" encoding="UTF-8"?>
<!-- Generated by org.testng.reporters.JUnitReportReporter -->
<testsuite skipped="0" hostname="LAPTOP-INV4FEQ8" name="com.ap.qa.testcases.IndexPageTest" tests="6" failures="0" timestamp="2022-11-01T14:39:21 EDT" time="32.873" errors="0">
  <testcase name="validateLogoIconTest" time="3.999" classname="com.ap.qa.testcases.IndexPageTest"/>
  <system-out/>
  <testcase name="validateIndexPageTitleTest" time="4.371" classname="com.ap.qa.testcases.IndexPageTest"/>
  <system-out/>
  <testcase name="validateIndexPageCurrentUrlTest" time="4.208" classname="com.ap.qa.testcases.IndexPageTest"/>
  <system-out/>
  <testcase name="searchProductBoxTest" time="7.914" classname="com.ap.qa.testcases.IndexPageTest"/>
  <system-out/>
  <testcase name="clickOnSignInLinkTest" time="6.205" classname="com.ap.qa.testcases.IndexPageTest"/>
  <system-out/>
  <testcase name="searchProductSubmitButtonTest" time="6.176" classname="com.ap.qa.testcases.IndexPageTest"/>
  <system-out/>
</testsuite> <!-- com.ap.qa.testcases.IndexPageTest -->
